<?xml version="1.0" encoding="UTF-8"?>
<testsuite xmlns:xsi="http://www.w3.org/2001/XMLSchema-instance" xsi:noNamespaceSchemaLocation="https://maven.apache.org/surefire/maven-surefire-plugin/xsd/surefire-test-report.xsd" name="LoginTest" time="11.093" tests="1" errors="0" skipped="0" failures="1">
  <properties>
[...]
</properties>
  <testcase name="login" classname="LoginTest" time="8.387">
    <failure message="expected: &lt;true&gt; but was: &lt;false&gt;" type="org.opentest4j.AssertionFailedError"><![CDATA[org.opentest4j.AssertionFailedError: expected: <true> but was: <false>
	at LoginTest.login(LoginTest.java:16)
]]></failure>
    <system-out><![CDATA[13:12:52.309 [main] DEBUG io.github.bonigarcia.wdm.cache.ResolutionCache - Resolution chrome=110 in cache (valid until 14:09:29 06/03/2023 MSK)
13:12:52.309 [main] DEBUG io.github.bonigarcia.wdm.cache.ResolutionCache - Resolution chrome110=110.0.5481.77 in cache (valid until 16:02:11 06/03/2023 MSK)
13:12:52.309 [main] INFO io.github.bonigarcia.wdm.WebDriverManager - Using chromedriver 110.0.5481.77 (resolved driver for Chrome 110)
13:12:52.311 [main] DEBUG io.github.bonigarcia.wdm.WebDriverManager - Driver chromedriver 110.0.5481.77 found in cache
13:12:52.311 [main] INFO io.github.bonigarcia.wdm.WebDriverManager - Exporting webdriver.chrome.driver as C:\Users\yana_\.cache\selenium\chromedriver\win32\110.0.5481.77\chromedriver.exe
13:12:52.405 [AsyncHttpClient-1-1] DEBUG org.asynchttpclient.netty.channel.DefaultChannelPool - Entry count for : http://localhost:63399 : 1
13:12:52.406 [AsyncHttpClient-1-1] DEBUG org.asynchttpclient.netty.channel.DefaultChannelPool - Entry count for : http://localhost:60938 : 1
13:12:52.406 [AsyncHttpClient-1-1] DEBUG org.asynchttpclient.netty.channel.DefaultChannelPool - Adding Candidate expired Channel [id: 0x82c36a40, L:/127.0.0.1:63407 ! R:localhost/127.0.0.1:63399] isIdleTimeoutExpired=false isRemotelyClosed=true isTtlExpired=false
13:12:52.406 [AsyncHttpClient-1-1] DEBUG org.asynchttpclient.netty.channel.DefaultChannelPool - Closing Idle Channel [id: 0x82c36a40, L:/127.0.0.1:63407 ! R:localhost/127.0.0.1:63399]
13:12:52.406 [AsyncHttpClient-1-1] DEBUG org.asynchttpclient.netty.channel.DefaultChannelPool - Adding Candidate expired Channel [id: 0xc5001c38, L:/127.0.0.1:63398 ! R:localhost/127.0.0.1:60938] isIdleTimeoutExpired=false isRemotelyClosed=true isTtlExpired=false
13:12:52.406 [AsyncHttpClient-1-1] DEBUG org.asynchttpclient.netty.channel.DefaultChannelPool - Closing Idle Channel [id: 0xc5001c38, L:/127.0.0.1:63398 ! R:localhost/127.0.0.1:60938]
13:12:52.406 [AsyncHttpClient-1-1] DEBUG org.asynchttpclient.netty.channel.DefaultChannelPool - Closed 2 connections out of 2 in 0 ms
13:12:53.397 [AsyncHttpClient-1-5] DEBUG org.asynchttpclient.netty.channel.NettyConnectListener - Using new Channel '[id: 0x6604e6ad, L:/127.0.0.1:63510 - R:localhost/127.0.0.1:58621]' for 'POST' to '/session'
13:12:54.357 [AsyncHttpClient-1-5] DEBUG org.asynchttpclient.netty.handler.HttpHandler - 

Request DefaultHttpRequest(decodeResult: success, version: HTTP/1.1)
POST /session HTTP/1.1
User-Agent: selenium/4.0.0 (java windows)
Content-Length: 471
Content-Type: application/json; charset=utf-8
host: localhost:58621
accept: */*

Response DefaultHttpResponse(decodeResult: success, version: HTTP/1.1)
HTTP/1.1 200 OK
Content-Type: application/json; charset=utf-8
cache-control: no-cache
content-length: 790

13:12:54.357 [AsyncHttpClient-1-5] DEBUG org.asynchttpclient.netty.channel.ChannelManager - Adding key: http://localhost:58621 for channel [id: 0x6604e6ad, L:/127.0.0.1:63510 - R:localhost/127.0.0.1:58621]
13:12:54.373 [AsyncHttpClient-1-6] DEBUG org.asynchttpclient.netty.channel.NettyConnectListener - Using new Channel '[id: 0x666d5f76, L:/127.0.0.1:63519 - R:localhost/127.0.0.1:63511]' for 'GET' to '/json/version'
13:12:54.373 [AsyncHttpClient-1-6] DEBUG org.asynchttpclient.netty.handler.HttpHandler - 

Request DefaultFullHttpRequest(decodeResult: success, version: HTTP/1.1, content: EmptyByteBufBE)
GET /json/version HTTP/1.1
User-Agent: selenium/4.0.0 (java windows)
host: localhost:63511
accept: */*

Response DefaultHttpResponse(decodeResult: success, version: HTTP/1.1)
HTTP/1.1 200 OK
Content-Security-Policy: frame-ancestors 'none'
Content-Type: application/json; charset=UTF-8
content-length: 424

13:12:54.379 [AsyncHttpClient-1-6] DEBUG org.asynchttpclient.netty.channel.ChannelManager - Adding key: http://localhost:63511 for channel [id: 0x666d5f76, L:/127.0.0.1:63519 - R:localhost/127.0.0.1:63511]
13:12:54.394 [AsyncHttpClient-1-7] DEBUG org.asynchttpclient.netty.channel.NettyConnectListener - Using new Channel '[id: 0xcd6866aa, L:/127.0.0.1:63520 - R:localhost/127.0.0.1:63511]' for 'GET' to '/devtools/browser/fe72c298-d94a-4eef-99db-5e312b91f08f'
13:12:54.401 [AsyncHttpClient-1-7] DEBUG org.asynchttpclient.netty.handler.WebSocketHandler - 

Request DefaultFullHttpRequest(decodeResult: success, version: HTTP/1.1, content: EmptyByteBufBE)
GET /devtools/browser/fe72c298-d94a-4eef-99db-5e312b91f08f HTTP/1.1
upgrade: websocket
connection: upgrade
sec-websocket-key: pAJr16Q7yxFMRGS55U1zhQ==
sec-websocket-version: 13
origin: http://localhost:63511
host: localhost:63511
accept: */*
user-agent: AHC/2.1

Response DefaultHttpResponse(decodeResult: success, version: HTTP/1.1)
HTTP/1.1 101 WebSocket Protocol Handshake
Upgrade: WebSocket
Connection: Upgrade
Sec-WebSocket-Accept: N78HZqeFQ1nLUDgnLmH7vWcD7Yw=

13:12:54.405 [Forwarding setTimeout on session 79ab6670e798a00a050648009ca55203 to remote] DEBUG org.asynchttpclient.netty.request.NettyRequestSender - Using pooled Channel '[id: 0x6604e6ad, L:/127.0.0.1:63510 - R:localhost/127.0.0.1:58621]' for 'POST' to 'http://localhost:58621/session/79ab6670e798a00a050648009ca55203/timeouts'
13:12:54.405 [Forwarding setTimeout on session 79ab6670e798a00a050648009ca55203 to remote] DEBUG org.asynchttpclient.netty.request.NettyRequestSender - Using open Channel [id: 0x6604e6ad, L:/127.0.0.1:63510 - R:localhost/127.0.0.1:58621] for POST '/session/79ab6670e798a00a050648009ca55203/timeouts'
13:12:54.412 [AsyncHttpClient-1-5] DEBUG org.asynchttpclient.netty.handler.HttpHandler - 

Request DefaultHttpRequest(decodeResult: success, version: HTTP/1.1)
POST /session/79ab6670e798a00a050648009ca55203/timeouts HTTP/1.1
User-Agent: selenium/4.0.0 (java windows)
Content-Length: 22
Content-Type: application/json; charset=utf-8
host: localhost:58621
accept: */*

Response DefaultHttpResponse(decodeResult: success, version: HTTP/1.1)
HTTP/1.1 200 OK
Content-Type: application/json; charset=utf-8
cache-control: no-cache
content-length: 14

13:12:54.413 [AsyncHttpClient-1-5] DEBUG org.asynchttpclient.netty.channel.ChannelManager - Adding key: http://localhost:58621 for channel [id: 0x6604e6ad, L:/127.0.0.1:63510 - R:localhost/127.0.0.1:58621]
13:12:54.419 [Forwarding get on session 79ab6670e798a00a050648009ca55203 to remote] DEBUG org.asynchttpclient.netty.request.NettyRequestSender - Using pooled Channel '[id: 0x6604e6ad, L:/127.0.0.1:63510 - R:localhost/127.0.0.1:58621]' for 'POST' to 'http://localhost:58621/session/79ab6670e798a00a050648009ca55203/url'
13:12:54.419 [Forwarding get on session 79ab6670e798a00a050648009ca55203 to remote] DEBUG org.asynchttpclient.netty.request.NettyRequestSender - Using open Channel [id: 0x6604e6ad, L:/127.0.0.1:63510 - R:localhost/127.0.0.1:58621] for POST '/session/79ab6670e798a00a050648009ca55203/url'
13:12:54.599 [AsyncHttpClient-1-1] DEBUG org.asynchttpclient.netty.channel.DefaultChannelPool - Entry count for : http://localhost:63511 : 1
13:12:55.704 [AsyncHttpClient-1-1] DEBUG org.asynchttpclient.netty.channel.DefaultChannelPool - Entry count for : http://localhost:63511 : 1
13:12:56.613 [AsyncHttpClient-1-5] DEBUG org.asynchttpclient.netty.handler.HttpHandler - 

Request DefaultHttpRequest(decodeResult: success, version: HTTP/1.1)
POST /session/79ab6670e798a00a050648009ca55203/url HTTP/1.1
User-Agent: selenium/4.0.0 (java windows)
Content-Length: 44
Content-Type: application/json; charset=utf-8
host: localhost:58621
accept: */*

Response DefaultHttpResponse(decodeResult: success, version: HTTP/1.1)
HTTP/1.1 200 OK
Content-Type: application/json; charset=utf-8
cache-control: no-cache
content-length: 14

13:12:56.613 [AsyncHttpClient-1-5] DEBUG org.asynchttpclient.netty.channel.ChannelManager - Adding key: http://localhost:58621 for channel [id: 0x6604e6ad, L:/127.0.0.1:63510 - R:localhost/127.0.0.1:58621]
13:12:56.790 [AsyncHttpClient-1-1] DEBUG org.asynchttpclient.netty.channel.DefaultChannelPool - Entry count for : http://localhost:63511 : 1
13:12:56.790 [AsyncHttpClient-1-1] DEBUG org.asynchttpclient.netty.channel.DefaultChannelPool - Entry count for : http://localhost:58621 : 1
13:12:57.890 [AsyncHttpClient-1-1] DEBUG org.asynchttpclient.netty.channel.DefaultChannelPool - Entry count for : http://localhost:63511 : 1
13:12:57.890 [AsyncHttpClient-1-1] DEBUG org.asynchttpclient.netty.channel.DefaultChannelPool - Entry count for : http://localhost:58621 : 1
13:12:58.997 [AsyncHttpClient-1-1] DEBUG org.asynchttpclient.netty.channel.DefaultChannelPool - Entry count for : http://localhost:63511 : 1
13:12:58.997 [AsyncHttpClient-1-1] DEBUG org.asynchttpclient.netty.channel.DefaultChannelPool - Entry count for : http://localhost:58621 : 1
13:13:00.091 [AsyncHttpClient-1-1] DEBUG org.asynchttpclient.netty.channel.DefaultChannelPool - Entry count for : http://localhost:63511 : 1
13:13:00.091 [AsyncHttpClient-1-1] DEBUG org.asynchttpclient.netty.channel.DefaultChannelPool - Entry count for : http://localhost:58621 : 1
13:13:01.191 [AsyncHttpClient-1-1] DEBUG org.asynchttpclient.netty.channel.DefaultChannelPool - Entry count for : http://localhost:63511 : 1
13:13:01.191 [AsyncHttpClient-1-1] DEBUG org.asynchttpclient.netty.channel.DefaultChannelPool - Entry count for : http://localhost:58621 : 1
13:13:01.614 [Forwarding findElement on session 79ab6670e798a00a050648009ca55203 to remote] DEBUG org.asynchttpclient.netty.request.NettyRequestSender - Using pooled Channel '[id: 0x6604e6ad, L:/127.0.0.1:63510 - R:localhost/127.0.0.1:58621]' for 'POST' to 'http://localhost:58621/session/79ab6670e798a00a050648009ca55203/element'
13:13:01.615 [Forwarding findElement on session 79ab6670e798a00a050648009ca55203 to remote] DEBUG org.asynchttpclient.netty.request.NettyRequestSender - Using open Channel [id: 0x6604e6ad, L:/127.0.0.1:63510 - R:localhost/127.0.0.1:58621] for POST '/session/79ab6670e798a00a050648009ca55203/element'
13:13:01.617 [AsyncHttpClient-1-5] DEBUG org.asynchttpclient.netty.handler.HttpHandler - 

Request DefaultHttpRequest(decodeResult: success, version: HTTP/1.1)
POST /session/79ab6670e798a00a050648009ca55203/element HTTP/1.1
User-Agent: selenium/4.0.0 (java windows)
Content-Length: 49
Content-Type: application/json; charset=utf-8
host: localhost:58621
accept: */*

Response DefaultHttpResponse(decodeResult: success, version: HTTP/1.1)
HTTP/1.1 400 Bad Request
Content-Type: application/json; charset=utf-8
cache-control: no-cache
content-length: 860

13:13:01.618 [AsyncHttpClient-1-5] DEBUG org.asynchttpclient.netty.channel.ChannelManager - Adding key: http://localhost:58621 for channel [id: 0x6604e6ad, L:/127.0.0.1:63510 - R:localhost/127.0.0.1:58621]
13:13:01.619 [Forwarding findElement on session 79ab6670e798a00a050648009ca55203 to remote] DEBUG org.asynchttpclient.netty.request.NettyRequestSender - Using pooled Channel '[id: 0x6604e6ad, L:/127.0.0.1:63510 - R:localhost/127.0.0.1:58621]' for 'POST' to 'http://localhost:58621/session/79ab6670e798a00a050648009ca55203/element'
13:13:01.619 [Forwarding findElement on session 79ab6670e798a00a050648009ca55203 to remote] DEBUG org.asynchttpclient.netty.request.NettyRequestSender - Using open Channel [id: 0x6604e6ad, L:/127.0.0.1:63510 - R:localhost/127.0.0.1:58621] for POST '/session/79ab6670e798a00a050648009ca55203/element'
13:13:01.627 [AsyncHttpClient-1-5] DEBUG org.asynchttpclient.netty.handler.HttpHandler - 

Request DefaultHttpRequest(decodeResult: success, version: HTTP/1.1)
POST /session/79ab6670e798a00a050648009ca55203/element HTTP/1.1
User-Agent: selenium/4.0.0 (java windows)
Content-Length: 59
Content-Type: application/json; charset=utf-8
host: localhost:58621
accept: */*

Response DefaultHttpResponse(decodeResult: success, version: HTTP/1.1)
HTTP/1.1 200 OK
Content-Type: application/json; charset=utf-8
cache-control: no-cache
content-length: 88

13:13:01.627 [AsyncHttpClient-1-5] DEBUG org.asynchttpclient.netty.channel.ChannelManager - Adding key: http://localhost:58621 for channel [id: 0x6604e6ad, L:/127.0.0.1:63510 - R:localhost/127.0.0.1:58621]
13:13:01.629 [Forwarding clickElement on session 79ab6670e798a00a050648009ca55203 to remote] DEBUG org.asynchttpclient.netty.request.NettyRequestSender - Using pooled Channel '[id: 0x6604e6ad, L:/127.0.0.1:63510 - R:localhost/127.0.0.1:58621]' for 'POST' to 'http://localhost:58621/session/79ab6670e798a00a050648009ca55203/element/8c6ffc5e-2a85-4462-ba81-05059f178609/click'
13:13:01.629 [Forwarding clickElement on session 79ab6670e798a00a050648009ca55203 to remote] DEBUG org.asynchttpclient.netty.request.NettyRequestSender - Using open Channel [id: 0x6604e6ad, L:/127.0.0.1:63510 - R:localhost/127.0.0.1:58621] for POST '/session/79ab6670e798a00a050648009ca55203/element/8c6ffc5e-2a85-4462-ba81-05059f178609/click'
13:13:01.658 [AsyncHttpClient-1-5] DEBUG org.asynchttpclient.netty.handler.HttpHandler - 

Request DefaultHttpRequest(decodeResult: success, version: HTTP/1.1)
POST /session/79ab6670e798a00a050648009ca55203/element/8c6ffc5e-2a85-4462-ba81-05059f178609/click HTTP/1.1
User-Agent: selenium/4.0.0 (java windows)
Content-Length: 50
Content-Type: application/json; charset=utf-8
host: localhost:58621
accept: */*

Response DefaultHttpResponse(decodeResult: success, version: HTTP/1.1)
HTTP/1.1 200 OK
Content-Type: application/json; charset=utf-8
cache-control: no-cache
content-length: 14

13:13:01.658 [AsyncHttpClient-1-5] DEBUG org.asynchttpclient.netty.channel.ChannelManager - Adding key: http://localhost:58621 for channel [id: 0x6604e6ad, L:/127.0.0.1:63510 - R:localhost/127.0.0.1:58621]
13:13:01.668 [Forwarding findElement on session 79ab6670e798a00a050648009ca55203 to remote] DEBUG org.asynchttpclient.netty.request.NettyRequestSender - Using pooled Channel '[id: 0x6604e6ad, L:/127.0.0.1:63510 - R:localhost/127.0.0.1:58621]' for 'POST' to 'http://localhost:58621/session/79ab6670e798a00a050648009ca55203/element'
13:13:01.668 [Forwarding findElement on session 79ab6670e798a00a050648009ca55203 to remote] DEBUG org.asynchttpclient.netty.request.NettyRequestSender - Using open Channel [id: 0x6604e6ad, L:/127.0.0.1:63510 - R:localhost/127.0.0.1:58621] for POST '/session/79ab6670e798a00a050648009ca55203/element'
13:13:01.805 [AsyncHttpClient-1-5] DEBUG org.asynchttpclient.netty.handler.HttpHandler - 

Request DefaultHttpRequest(decodeResult: success, version: HTTP/1.1)
POST /session/79ab6670e798a00a050648009ca55203/element HTTP/1.1
User-Agent: selenium/4.0.0 (java windows)
Content-Length: 59
Content-Type: application/json; charset=utf-8
host: localhost:58621
accept: */*

Response DefaultHttpResponse(decodeResult: success, version: HTTP/1.1)
HTTP/1.1 200 OK
Content-Type: application/json; charset=utf-8
cache-control: no-cache
content-length: 88

13:13:01.805 [AsyncHttpClient-1-5] DEBUG org.asynchttpclient.netty.channel.ChannelManager - Adding key: http://localhost:58621 for channel [id: 0x6604e6ad, L:/127.0.0.1:63510 - R:localhost/127.0.0.1:58621]
13:13:01.807 [Forwarding findElement on session 79ab6670e798a00a050648009ca55203 to remote] DEBUG org.asynchttpclient.netty.request.NettyRequestSender - Using pooled Channel '[id: 0x6604e6ad, L:/127.0.0.1:63510 - R:localhost/127.0.0.1:58621]' for 'POST' to 'http://localhost:58621/session/79ab6670e798a00a050648009ca55203/element'
13:13:01.807 [Forwarding findElement on session 79ab6670e798a00a050648009ca55203 to remote] DEBUG org.asynchttpclient.netty.request.NettyRequestSender - Using open Channel [id: 0x6604e6ad, L:/127.0.0.1:63510 - R:localhost/127.0.0.1:58621] for POST '/session/79ab6670e798a00a050648009ca55203/element'
13:13:01.813 [AsyncHttpClient-1-5] DEBUG org.asynchttpclient.netty.handler.HttpHandler - 

Request DefaultHttpRequest(decodeResult: success, version: HTTP/1.1)
POST /session/79ab6670e798a00a050648009ca55203/element HTTP/1.1
User-Agent: selenium/4.0.0 (java windows)
Content-Length: 59
Content-Type: application/json; charset=utf-8
host: localhost:58621
accept: */*

Response DefaultHttpResponse(decodeResult: success, version: HTTP/1.1)
HTTP/1.1 200 OK
Content-Type: application/json; charset=utf-8
cache-control: no-cache
content-length: 88

13:13:01.814 [AsyncHttpClient-1-5] DEBUG org.asynchttpclient.netty.channel.ChannelManager - Adding key: http://localhost:58621 for channel [id: 0x6604e6ad, L:/127.0.0.1:63510 - R:localhost/127.0.0.1:58621]
13:13:01.816 [Forwarding findElement on session 79ab6670e798a00a050648009ca55203 to remote] DEBUG org.asynchttpclient.netty.request.NettyRequestSender - Using pooled Channel '[id: 0x6604e6ad, L:/127.0.0.1:63510 - R:localhost/127.0.0.1:58621]' for 'POST' to 'http://localhost:58621/session/79ab6670e798a00a050648009ca55203/element'
13:13:01.816 [Forwarding findElement on session 79ab6670e798a00a050648009ca55203 to remote] DEBUG org.asynchttpclient.netty.request.NettyRequestSender - Using open Channel [id: 0x6604e6ad, L:/127.0.0.1:63510 - R:localhost/127.0.0.1:58621] for POST '/session/79ab6670e798a00a050648009ca55203/element'
13:13:01.827 [AsyncHttpClient-1-5] DEBUG org.asynchttpclient.netty.handler.HttpHandler - 

Request DefaultHttpRequest(decodeResult: success, version: HTTP/1.1)
POST /session/79ab6670e798a00a050648009ca55203/element HTTP/1.1
User-Agent: selenium/4.0.0 (java windows)
Content-Length: 58
Content-Type: application/json; charset=utf-8
host: localhost:58621
accept: */*

Response DefaultHttpResponse(decodeResult: success, version: HTTP/1.1)
HTTP/1.1 200 OK
Content-Type: application/json; charset=utf-8
cache-control: no-cache
content-length: 88

13:13:01.827 [AsyncHttpClient-1-5] DEBUG org.asynchttpclient.netty.channel.ChannelManager - Adding key: http://localhost:58621 for channel [id: 0x6604e6ad, L:/127.0.0.1:63510 - R:localhost/127.0.0.1:58621]
13:13:01.829 [Forwarding findElement on session 79ab6670e798a00a050648009ca55203 to remote] DEBUG org.asynchttpclient.netty.request.NettyRequestSender - Using pooled Channel '[id: 0x6604e6ad, L:/127.0.0.1:63510 - R:localhost/127.0.0.1:58621]' for 'POST' to 'http://localhost:58621/session/79ab6670e798a00a050648009ca55203/element'
13:13:01.829 [Forwarding findElement on session 79ab6670e798a00a050648009ca55203 to remote] DEBUG org.asynchttpclient.netty.request.NettyRequestSender - Using open Channel [id: 0x6604e6ad, L:/127.0.0.1:63510 - R:localhost/127.0.0.1:58621] for POST '/session/79ab6670e798a00a050648009ca55203/element'
13:13:01.843 [AsyncHttpClient-1-5] DEBUG org.asynchttpclient.netty.handler.HttpHandler - 

Request DefaultHttpRequest(decodeResult: success, version: HTTP/1.1)
POST /session/79ab6670e798a00a050648009ca55203/element HTTP/1.1
User-Agent: selenium/4.0.0 (java windows)
Content-Length: 58
Content-Type: application/json; charset=utf-8
host: localhost:58621
accept: */*

Response DefaultHttpResponse(decodeResult: success, version: HTTP/1.1)
HTTP/1.1 200 OK
Content-Type: application/json; charset=utf-8
cache-control: no-cache
content-length: 88

13:13:01.843 [AsyncHttpClient-1-5] DEBUG org.asynchttpclient.netty.channel.ChannelManager - Adding key: http://localhost:58621 for channel [id: 0x6604e6ad, L:/127.0.0.1:63510 - R:localhost/127.0.0.1:58621]
13:13:01.846 [Forwarding findElement on session 79ab6670e798a00a050648009ca55203 to remote] DEBUG org.asynchttpclient.netty.request.NettyRequestSender - Using pooled Channel '[id: 0x6604e6ad, L:/127.0.0.1:63510 - R:localhost/127.0.0.1:58621]' for 'POST' to 'http://localhost:58621/session/79ab6670e798a00a050648009ca55203/element'
13:13:01.846 [Forwarding findElement on session 79ab6670e798a00a050648009ca55203 to remote] DEBUG org.asynchttpclient.netty.request.NettyRequestSender - Using open Channel [id: 0x6604e6ad, L:/127.0.0.1:63510 - R:localhost/127.0.0.1:58621] for POST '/session/79ab6670e798a00a050648009ca55203/element'
13:13:01.863 [AsyncHttpClient-1-5] DEBUG org.asynchttpclient.netty.handler.HttpHandler - 

Request DefaultHttpRequest(decodeResult: success, version: HTTP/1.1)
POST /session/79ab6670e798a00a050648009ca55203/element HTTP/1.1
User-Agent: selenium/4.0.0 (java windows)
Content-Length: 85
Content-Type: application/json; charset=utf-8
host: localhost:58621
accept: */*

Response DefaultHttpResponse(decodeResult: success, version: HTTP/1.1)
HTTP/1.1 200 OK
Content-Type: application/json; charset=utf-8
cache-control: no-cache
content-length: 88

13:13:01.864 [AsyncHttpClient-1-5] DEBUG org.asynchttpclient.netty.channel.ChannelManager - Adding key: http://localhost:58621 for channel [id: 0x6604e6ad, L:/127.0.0.1:63510 - R:localhost/127.0.0.1:58621]
13:13:01.878 [Forwarding actions on session 79ab6670e798a00a050648009ca55203 to remote] DEBUG org.asynchttpclient.netty.request.NettyRequestSender - Using pooled Channel '[id: 0x6604e6ad, L:/127.0.0.1:63510 - R:localhost/127.0.0.1:58621]' for 'POST' to 'http://localhost:58621/session/79ab6670e798a00a050648009ca55203/actions'
13:13:01.878 [Forwarding actions on session 79ab6670e798a00a050648009ca55203 to remote] DEBUG org.asynchttpclient.netty.request.NettyRequestSender - Using open Channel [id: 0x6604e6ad, L:/127.0.0.1:63510 - R:localhost/127.0.0.1:58621] for POST '/session/79ab6670e798a00a050648009ca55203/actions'
13:13:02.305 [AsyncHttpClient-1-1] DEBUG org.asynchttpclient.netty.channel.DefaultChannelPool - Entry count for : http://localhost:63511 : 1
13:13:02.752 [AsyncHttpClient-1-5] DEBUG org.asynchttpclient.netty.handler.HttpHandler - 

Request DefaultHttpRequest(decodeResult: success, version: HTTP/1.1)
POST /session/79ab6670e798a00a050648009ca55203/actions HTTP/1.1
User-Agent: selenium/4.0.0 (java windows)
Content-Length: 12258
Content-Type: application/json; charset=utf-8
host: localhost:58621
accept: */*

Response DefaultHttpResponse(decodeResult: success, version: HTTP/1.1)
HTTP/1.1 200 OK
Content-Type: application/json; charset=utf-8
cache-control: no-cache
content-length: 14

13:13:02.752 [AsyncHttpClient-1-5] DEBUG org.asynchttpclient.netty.channel.ChannelManager - Adding key: http://localhost:58621 for channel [id: 0x6604e6ad, L:/127.0.0.1:63510 - R:localhost/127.0.0.1:58621]
13:13:02.753 [Forwarding findElement on session 79ab6670e798a00a050648009ca55203 to remote] DEBUG org.asynchttpclient.netty.request.NettyRequestSender - Using pooled Channel '[id: 0x6604e6ad, L:/127.0.0.1:63510 - R:localhost/127.0.0.1:58621]' for 'POST' to 'http://localhost:58621/session/79ab6670e798a00a050648009ca55203/element'
13:13:02.753 [Forwarding findElement on session 79ab6670e798a00a050648009ca55203 to remote] DEBUG org.asynchttpclient.netty.request.NettyRequestSender - Using open Channel [id: 0x6604e6ad, L:/127.0.0.1:63510 - R:localhost/127.0.0.1:58621] for POST '/session/79ab6670e798a00a050648009ca55203/element'
13:13:02.763 [AsyncHttpClient-1-5] DEBUG org.asynchttpclient.netty.handler.HttpHandler - 

Request DefaultHttpRequest(decodeResult: success, version: HTTP/1.1)
POST /session/79ab6670e798a00a050648009ca55203/element HTTP/1.1
User-Agent: selenium/4.0.0 (java windows)
Content-Length: 65
Content-Type: application/json; charset=utf-8
host: localhost:58621
accept: */*

Response DefaultHttpResponse(decodeResult: success, version: HTTP/1.1)
HTTP/1.1 200 OK
Content-Type: application/json; charset=utf-8
cache-control: no-cache
content-length: 88

13:13:02.763 [AsyncHttpClient-1-5] DEBUG org.asynchttpclient.netty.channel.ChannelManager - Adding key: http://localhost:58621 for channel [id: 0x6604e6ad, L:/127.0.0.1:63510 - R:localhost/127.0.0.1:58621]
13:13:02.773 [Forwarding isElementDisplayed on session 79ab6670e798a00a050648009ca55203 to remote] DEBUG org.asynchttpclient.netty.request.NettyRequestSender - Using pooled Channel '[id: 0x6604e6ad, L:/127.0.0.1:63510 - R:localhost/127.0.0.1:58621]' for 'POST' to 'http://localhost:58621/session/79ab6670e798a00a050648009ca55203/execute/sync'
13:13:02.773 [Forwarding isElementDisplayed on session 79ab6670e798a00a050648009ca55203 to remote] DEBUG org.asynchttpclient.netty.request.NettyRequestSender - Using open Channel [id: 0x6604e6ad, L:/127.0.0.1:63510 - R:localhost/127.0.0.1:58621] for POST '/session/79ab6670e798a00a050648009ca55203/execute/sync'
13:13:02.782 [AsyncHttpClient-1-5] DEBUG org.asynchttpclient.netty.handler.HttpHandler - 

Request DefaultHttpRequest(decodeResult: success, version: HTTP/1.1)
POST /session/79ab6670e798a00a050648009ca55203/execute/sync HTTP/1.1
User-Agent: selenium/4.0.0 (java windows)
Content-Length: 48780
Content-Type: application/json; charset=utf-8
host: localhost:58621
accept: */*

Response DefaultHttpResponse(decodeResult: success, version: HTTP/1.1)
HTTP/1.1 200 OK
Content-Type: application/json; charset=utf-8
cache-control: no-cache
content-length: 15

13:13:02.782 [AsyncHttpClient-1-5] DEBUG org.asynchttpclient.netty.channel.ChannelManager - Adding key: http://localhost:58621 for channel [id: 0x6604e6ad, L:/127.0.0.1:63510 - R:localhost/127.0.0.1:58621]
]]></system-out>
    <system-err><![CDATA[Starting ChromeDriver 110.0.5481.77 (65ed616c6e8ee3fe0ad64fe83796c020644d42af-refs/branch-heads/5481@{#839}) on port 58621
Only local connections are allowed.
Please see https://chromedriver.chromium.org/security-considerations for suggestions on keeping ChromeDriver safe.
ChromeDriver was started successfully.
[1678097574.341][WARNING]: virtual void DevToolsClientImpl::AddListener(DevToolsEventListener *) subscribing a listener to the already connected DevToolsClient. Connection notification will not arrive.
мар. 06, 2023 1:12:54 PM org.openqa.selenium.remote.ProtocolHandshake createSession
INFO: Detected dialect: W3C
мар. 06, 2023 1:12:54 PM org.openqa.selenium.devtools.CdpVersionFinder findNearestMatch
WARNING: Unable to find an exact match for CDP version 110, so returning the closest version found: a no-op implementation
мар. 06, 2023 1:12:54 PM org.openqa.selenium.devtools.CdpVersionFinder findNearestMatch
INFO: Unable to find CDP implementation matching 110.
мар. 06, 2023 1:12:54 PM org.openqa.selenium.chromium.ChromiumDriver lambda$new$3
WARNING: Unable to find version of CDP to use for . You may need to include a dependency on a specific version of the CDP using something similar to `org.seleniumhq.selenium:selenium-devtools-v86:4.0.0` where the version ("v86") matches the version of the chromium-based browser you're using and the version number of the artifact is the same as Selenium's.
]]></system-err>
  </testcase>
</testsuite>